2019-09-06 10:59:06,689 INFO org.springframework.boot.StartupInfoLogger [restartedMain] Starting RegistryserviceApplication on 1A-1 with PID 1712 (D:\projects\registryservice\target\classes started by admin in D:\projects\registryservice)
2019-09-06 10:59:06,692 DEBUG org.springframework.boot.StartupInfoLogger [restartedMain] Running with Spring Boot v2.1.7.RELEASE, Spring v5.1.9.RELEASE
2019-09-06 10:59:06,695 INFO org.springframework.boot.SpringApplication [restartedMain] No active profile set, falling back to default profiles: default
2019-09-06 10:59:06,738 INFO org.springframework.boot.logging.DeferredLog [restartedMain] Devtools property defaults active! Set 'spring.devtools.add-properties' to 'false' to disable
2019-09-06 10:59:06,739 INFO org.springframework.boot.logging.DeferredLog [restartedMain] For additional web related logging consider setting the 'logging.level.web' property to 'DEBUG'
2019-09-06 10:59:07,955 INFO org.springframework.data.repository.config.RepositoryConfigurationDelegate [restartedMain] Bootstrapping Spring Data repositories in DEFAULT mode.
2019-09-06 10:59:08,025 INFO org.springframework.data.repository.config.RepositoryConfigurationDelegate [restartedMain] Finished Spring Data repository scanning in 59ms. Found 1 repository interfaces.
2019-09-06 10:59:08,509 INFO org.springframework.context.support.PostProcessorRegistrationDelegate$BeanPostProcessorChecker [restartedMain] Bean 'org.springframework.transaction.annotation.ProxyTransactionManagementConfiguration' of type [org.springframework.transaction.annotation.ProxyTransactionManagementConfiguration$$EnhancerBySpringCGLIB$$738e5811] is not eligible for getting processed by all BeanPostProcessors (for example: not eligible for auto-proxying)
2019-09-06 10:59:09,026 INFO org.springframework.boot.web.embedded.tomcat.TomcatWebServer [restartedMain] Tomcat initialized with port(s): 8094 (http)
2019-09-06 10:59:09,045 INFO org.apache.juli.logging.DirectJDKLog [restartedMain] Initializing ProtocolHandler ["http-nio-8094"]
2019-09-06 10:59:09,059 INFO org.apache.juli.logging.DirectJDKLog [restartedMain] Starting service [Tomcat]
2019-09-06 10:59:09,059 INFO org.apache.juli.logging.DirectJDKLog [restartedMain] Starting Servlet engine: [Apache Tomcat/9.0.22]
2019-09-06 10:59:09,198 INFO org.apache.juli.logging.DirectJDKLog [restartedMain] Initializing Spring embedded WebApplicationContext
2019-09-06 10:59:09,199 INFO org.springframework.boot.web.servlet.context.ServletWebServerApplicationContext [restartedMain] Root WebApplicationContext: initialization completed in 2457 ms
2019-09-06 10:59:09,529 INFO com.zaxxer.hikari.HikariDataSource [restartedMain] HikariPool-1 - Starting...
2019-09-06 10:59:09,892 INFO com.zaxxer.hikari.HikariDataSource [restartedMain] HikariPool-1 - Start completed.
2019-09-06 10:59:09,947 INFO org.hibernate.jpa.internal.util.LogHelper [restartedMain] HHH000204: Processing PersistenceUnitInfo [
	name: default
	...]
2019-09-06 10:59:10,055 INFO org.hibernate.Version [restartedMain] HHH000412: Hibernate Core {5.3.10.Final}
2019-09-06 10:59:10,062 INFO org.hibernate.cfg.Environment [restartedMain] HHH000206: hibernate.properties not found
2019-09-06 10:59:10,221 INFO org.hibernate.annotations.common.reflection.java.JavaReflectionManager [restartedMain] HCANN000001: Hibernate Commons Annotations {5.0.4.Final}
2019-09-06 10:59:10,358 INFO org.hibernate.dialect.Dialect [restartedMain] HHH000400: Using dialect: org.hibernate.dialect.MySQL5Dialect
2019-09-06 10:59:11,261 INFO org.springframework.orm.jpa.AbstractEntityManagerFactoryBean [restartedMain] Initialized JPA EntityManagerFactory for persistence unit 'default'
2019-09-06 10:59:11,282 WARN org.springframework.boot.devtools.autoconfigure.OptionalLiveReloadServer [restartedMain] Unable to start LiveReload server
2019-09-06 10:59:11,297 WARN org.springframework.context.support.AbstractApplicationContext [restartedMain] Exception encountered during context initialization - cancelling refresh attempt: org.springframework.beans.factory.UnsatisfiedDependencyException: Error creating bean with name 'userController': Unsatisfied dependency expressed through field 'userService'; nested exception is org.springframework.beans.factory.UnsatisfiedDependencyException: Error creating bean with name 'userServiceImpl': Unsatisfied dependency expressed through field 'userMapper'; nested exception is org.springframework.beans.factory.NoSuchBeanDefinitionException: No qualifying bean of type 'com.demo.registryservice.mapper.UserMapper' available: expected at least 1 bean which qualifies as autowire candidate. Dependency annotations: {@org.springframework.beans.factory.annotation.Autowired(required=true)}
2019-09-06 10:59:11,298 INFO org.springframework.orm.jpa.AbstractEntityManagerFactoryBean [restartedMain] Closing JPA EntityManagerFactory for persistence unit 'default'
2019-09-06 10:59:11,303 INFO com.zaxxer.hikari.HikariDataSource [restartedMain] HikariPool-1 - Shutdown initiated...
2019-09-06 10:59:11,317 INFO com.zaxxer.hikari.HikariDataSource [restartedMain] HikariPool-1 - Shutdown completed.
2019-09-06 10:59:11,321 INFO org.apache.juli.logging.DirectJDKLog [restartedMain] Stopping service [Tomcat]
2019-09-06 10:59:11,337 INFO org.springframework.boot.autoconfigure.logging.ConditionEvaluationReportLoggingListener [restartedMain] 

Error starting ApplicationContext. To display the conditions report re-run your application with 'debug' enabled.
2019-09-06 10:59:11,508 ERROR org.springframework.boot.diagnostics.LoggingFailureAnalysisReporter [restartedMain] 

***************************
APPLICATION FAILED TO START
***************************

Description:

Field userMapper in com.demo.registryservice.service.impl.UserServiceImpl required a bean of type 'com.demo.registryservice.mapper.UserMapper' that could not be found.

The injection point has the following annotations:
	- @org.springframework.beans.factory.annotation.Autowired(required=true)


Action:

Consider defining a bean of type 'com.demo.registryservice.mapper.UserMapper' in your configuration.

2019-09-06 10:59:33,852 INFO org.springframework.boot.StartupInfoLogger [main] Starting RegistryserviceApplicationTests on 1A-1 with PID 3484 (started by admin in D:\projects\registryservice)
2019-09-06 10:59:33,854 DEBUG org.springframework.boot.StartupInfoLogger [main] Running with Spring Boot v2.1.7.RELEASE, Spring v5.1.9.RELEASE
2019-09-06 10:59:33,855 INFO org.springframework.boot.SpringApplication [main] No active profile set, falling back to default profiles: default
2019-09-06 10:59:35,148 INFO org.springframework.data.repository.config.RepositoryConfigurationDelegate [main] Bootstrapping Spring Data repositories in DEFAULT mode.
2019-09-06 10:59:35,211 INFO org.springframework.data.repository.config.RepositoryConfigurationDelegate [main] Finished Spring Data repository scanning in 55ms. Found 1 repository interfaces.
2019-09-06 10:59:35,784 INFO org.springframework.context.support.PostProcessorRegistrationDelegate$BeanPostProcessorChecker [main] Bean 'org.springframework.transaction.annotation.ProxyTransactionManagementConfiguration' of type [org.springframework.transaction.annotation.ProxyTransactionManagementConfiguration$$EnhancerBySpringCGLIB$$78ab00b6] is not eligible for getting processed by all BeanPostProcessors (for example: not eligible for auto-proxying)
2019-09-06 10:59:36,103 INFO com.zaxxer.hikari.HikariDataSource [main] HikariPool-1 - Starting...
2019-09-06 10:59:36,433 INFO com.zaxxer.hikari.HikariDataSource [main] HikariPool-1 - Start completed.
2019-09-06 10:59:36,499 INFO org.hibernate.jpa.internal.util.LogHelper [main] HHH000204: Processing PersistenceUnitInfo [
	name: default
	...]
2019-09-06 10:59:36,612 INFO org.hibernate.Version [main] HHH000412: Hibernate Core {5.3.10.Final}
2019-09-06 10:59:36,614 INFO org.hibernate.cfg.Environment [main] HHH000206: hibernate.properties not found
2019-09-06 10:59:36,788 INFO org.hibernate.annotations.common.reflection.java.JavaReflectionManager [main] HCANN000001: Hibernate Commons Annotations {5.0.4.Final}
2019-09-06 10:59:36,947 INFO org.hibernate.dialect.Dialect [main] HHH000400: Using dialect: org.hibernate.dialect.MySQL5Dialect
2019-09-06 10:59:37,642 INFO org.springframework.orm.jpa.AbstractEntityManagerFactoryBean [main] Initialized JPA EntityManagerFactory for persistence unit 'default'
2019-09-06 10:59:38,627 WARN org.springframework.boot.autoconfigure.orm.jpa.JpaBaseConfiguration$JpaWebConfiguration$JpaWebMvcConfiguration [main] spring.jpa.open-in-view is enabled by default. Therefore, database queries may be performed during view rendering. Explicitly configure spring.jpa.open-in-view to disable this warning
2019-09-06 10:59:38,855 INFO springfox.documentation.spring.web.PropertySourcedRequestMappingHandlerMapping [main] Mapped URL path [/v2/api-docs] onto method [public org.springframework.http.ResponseEntity<springfox.documentation.spring.web.json.Json> springfox.documentation.swagger2.web.Swagger2Controller.getDocumentation(java.lang.String,javax.servlet.http.HttpServletRequest)]
2019-09-06 10:59:39,423 INFO org.springframework.scheduling.concurrent.ExecutorConfigurationSupport [main] Initializing ExecutorService 'applicationTaskExecutor'
2019-09-06 10:59:40,322 INFO springfox.documentation.spring.web.plugins.DocumentationPluginsBootstrapper [main] Context refreshed
2019-09-06 10:59:40,353 INFO springfox.documentation.spring.web.plugins.DocumentationPluginsBootstrapper [main] Found 1 custom documentation plugin(s)
2019-09-06 10:59:40,385 INFO springfox.documentation.spring.web.scanners.ApiListingReferenceScanner [main] Scanning for api listing references
2019-09-06 10:59:40,534 INFO org.springframework.boot.StartupInfoLogger [main] Started RegistryserviceApplicationTests in 7.064 seconds (JVM running for 7.811)
2019-09-06 10:59:40,663 INFO org.springframework.scheduling.concurrent.ExecutorConfigurationSupport [Thread-4] Shutting down ExecutorService 'applicationTaskExecutor'
2019-09-06 10:59:40,669 INFO org.springframework.orm.jpa.AbstractEntityManagerFactoryBean [Thread-4] Closing JPA EntityManagerFactory for persistence unit 'default'
2019-09-06 10:59:40,673 INFO com.zaxxer.hikari.HikariDataSource [Thread-4] HikariPool-1 - Shutdown initiated...
2019-09-06 10:59:40,681 INFO com.zaxxer.hikari.HikariDataSource [Thread-4] HikariPool-1 - Shutdown completed.
2019-09-06 10:59:48,428 INFO org.springframework.boot.StartupInfoLogger [restartedMain] Starting RegistryserviceApplication on 1A-1 with PID 2540 (D:\projects\registryservice\target\classes started by admin in D:\projects\registryservice)
2019-09-06 10:59:48,431 DEBUG org.springframework.boot.StartupInfoLogger [restartedMain] Running with Spring Boot v2.1.7.RELEASE, Spring v5.1.9.RELEASE
2019-09-06 10:59:48,433 INFO org.springframework.boot.SpringApplication [restartedMain] No active profile set, falling back to default profiles: default
2019-09-06 10:59:48,475 INFO org.springframework.boot.logging.DeferredLog [restartedMain] Devtools property defaults active! Set 'spring.devtools.add-properties' to 'false' to disable
2019-09-06 10:59:48,475 INFO org.springframework.boot.logging.DeferredLog [restartedMain] For additional web related logging consider setting the 'logging.level.web' property to 'DEBUG'
2019-09-06 10:59:49,654 INFO org.springframework.data.repository.config.RepositoryConfigurationDelegate [restartedMain] Bootstrapping Spring Data repositories in DEFAULT mode.
2019-09-06 10:59:49,714 INFO org.springframework.data.repository.config.RepositoryConfigurationDelegate [restartedMain] Finished Spring Data repository scanning in 50ms. Found 1 repository interfaces.
2019-09-06 10:59:50,129 INFO org.springframework.context.support.PostProcessorRegistrationDelegate$BeanPostProcessorChecker [restartedMain] Bean 'org.springframework.transaction.annotation.ProxyTransactionManagementConfiguration' of type [org.springframework.transaction.annotation.ProxyTransactionManagementConfiguration$$EnhancerBySpringCGLIB$$4202769a] is not eligible for getting processed by all BeanPostProcessors (for example: not eligible for auto-proxying)
2019-09-06 10:59:50,669 INFO org.springframework.boot.web.embedded.tomcat.TomcatWebServer [restartedMain] Tomcat initialized with port(s): 8094 (http)
2019-09-06 10:59:50,694 INFO org.apache.juli.logging.DirectJDKLog [restartedMain] Initializing ProtocolHandler ["http-nio-8094"]
2019-09-06 10:59:50,706 INFO org.apache.juli.logging.DirectJDKLog [restartedMain] Starting service [Tomcat]
2019-09-06 10:59:50,707 INFO org.apache.juli.logging.DirectJDKLog [restartedMain] Starting Servlet engine: [Apache Tomcat/9.0.22]
2019-09-06 10:59:50,811 INFO org.apache.juli.logging.DirectJDKLog [restartedMain] Initializing Spring embedded WebApplicationContext
2019-09-06 10:59:50,811 INFO org.springframework.boot.web.servlet.context.ServletWebServerApplicationContext [restartedMain] Root WebApplicationContext: initialization completed in 2333 ms
2019-09-06 10:59:51,100 INFO com.zaxxer.hikari.HikariDataSource [restartedMain] HikariPool-1 - Starting...
2019-09-06 10:59:51,467 INFO com.zaxxer.hikari.HikariDataSource [restartedMain] HikariPool-1 - Start completed.
2019-09-06 10:59:51,523 INFO org.hibernate.jpa.internal.util.LogHelper [restartedMain] HHH000204: Processing PersistenceUnitInfo [
	name: default
	...]
2019-09-06 10:59:51,613 INFO org.hibernate.Version [restartedMain] HHH000412: Hibernate Core {5.3.10.Final}
2019-09-06 10:59:51,621 INFO org.hibernate.cfg.Environment [restartedMain] HHH000206: hibernate.properties not found
2019-09-06 10:59:51,772 INFO org.hibernate.annotations.common.reflection.java.JavaReflectionManager [restartedMain] HCANN000001: Hibernate Commons Annotations {5.0.4.Final}
2019-09-06 10:59:51,912 INFO org.hibernate.dialect.Dialect [restartedMain] HHH000400: Using dialect: org.hibernate.dialect.MySQL5Dialect
2019-09-06 10:59:52,634 INFO org.springframework.orm.jpa.AbstractEntityManagerFactoryBean [restartedMain] Initialized JPA EntityManagerFactory for persistence unit 'default'
2019-09-06 10:59:52,657 WARN org.springframework.boot.devtools.autoconfigure.OptionalLiveReloadServer [restartedMain] Unable to start LiveReload server
2019-09-06 10:59:53,175 WARN org.springframework.boot.autoconfigure.orm.jpa.JpaBaseConfiguration$JpaWebConfiguration$JpaWebMvcConfiguration [restartedMain] spring.jpa.open-in-view is enabled by default. Therefore, database queries may be performed during view rendering. Explicitly configure spring.jpa.open-in-view to disable this warning
2019-09-06 10:59:53,319 INFO springfox.documentation.spring.web.PropertySourcedRequestMappingHandlerMapping [restartedMain] Mapped URL path [/v2/api-docs] onto method [public org.springframework.http.ResponseEntity<springfox.documentation.spring.web.json.Json> springfox.documentation.swagger2.web.Swagger2Controller.getDocumentation(java.lang.String,javax.servlet.http.HttpServletRequest)]
2019-09-06 10:59:53,469 INFO org.springframework.scheduling.concurrent.ExecutorConfigurationSupport [restartedMain] Initializing ExecutorService 'applicationTaskExecutor'
2019-09-06 10:59:54,001 INFO springfox.documentation.spring.web.plugins.DocumentationPluginsBootstrapper [restartedMain] Context refreshed
2019-09-06 10:59:54,029 INFO springfox.documentation.spring.web.plugins.DocumentationPluginsBootstrapper [restartedMain] Found 1 custom documentation plugin(s)
2019-09-06 10:59:54,055 INFO springfox.documentation.spring.web.scanners.ApiListingReferenceScanner [restartedMain] Scanning for api listing references
2019-09-06 10:59:54,186 INFO org.apache.juli.logging.DirectJDKLog [restartedMain] Starting ProtocolHandler ["http-nio-8094"]
2019-09-06 10:59:54,210 INFO org.springframework.boot.web.embedded.tomcat.TomcatWebServer [restartedMain] Tomcat started on port(s): 8094 (http) with context path '/userregistryservice'
2019-09-06 10:59:54,364 INFO org.springframework.boot.web.embedded.tomcat.TomcatWebServer [restartedMain] Tomcat initialized with port(s): 8093 (http)
2019-09-06 10:59:54,366 INFO org.apache.juli.logging.DirectJDKLog [restartedMain] Initializing ProtocolHandler ["http-nio-8093"]
2019-09-06 10:59:54,368 INFO org.apache.juli.logging.DirectJDKLog [restartedMain] Starting service [Tomcat]
2019-09-06 10:59:54,369 INFO org.apache.juli.logging.DirectJDKLog [restartedMain] Starting Servlet engine: [Apache Tomcat/9.0.22]
2019-09-06 10:59:54,385 INFO org.apache.juli.logging.DirectJDKLog [restartedMain] Initializing Spring embedded WebApplicationContext
2019-09-06 10:59:54,386 INFO org.springframework.boot.web.servlet.context.ServletWebServerApplicationContext [restartedMain] Root WebApplicationContext: initialization completed in 170 ms
2019-09-06 10:59:54,418 INFO org.springframework.boot.actuate.endpoint.web.EndpointLinksResolver [restartedMain] Exposing 15 endpoint(s) beneath base path '/actuator'
2019-09-06 10:59:54,473 INFO org.apache.juli.logging.DirectJDKLog [restartedMain] Starting ProtocolHandler ["http-nio-8093"]
2019-09-06 10:59:54,478 ERROR org.apache.juli.logging.DirectJDKLog [restartedMain] Failed to start component [Connector[HTTP/1.1-8093]]
org.apache.catalina.LifecycleException: Protocol handler start failed
	at org.apache.catalina.connector.Connector.startInternal(Connector.java:1008)
	at org.apache.catalina.util.LifecycleBase.start(LifecycleBase.java:183)
	at org.apache.catalina.core.StandardService.addConnector(StandardService.java:227)
	at org.springframework.boot.web.embedded.tomcat.TomcatWebServer.addPreviouslyRemovedConnectors(TomcatWebServer.java:263)
	at org.springframework.boot.web.embedded.tomcat.TomcatWebServer.start(TomcatWebServer.java:195)
	at org.springframework.boot.web.servlet.context.ServletWebServerApplicationContext.startWebServer(ServletWebServerApplicationContext.java:297)
	at org.springframework.boot.web.servlet.context.ServletWebServerApplicationContext.finishRefresh(ServletWebServerApplicationContext.java:163)
	at org.springframework.context.support.AbstractApplicationContext.refresh(AbstractApplicationContext.java:552)
	at org.springframework.boot.web.servlet.context.ServletWebServerApplicationContext.refresh(ServletWebServerApplicationContext.java:141)
	at org.springframework.boot.actuate.autoconfigure.web.server.ManagementContextAutoConfiguration$DifferentManagementContextConfiguration.onApplicationEvent(ManagementContextAutoConfiguration.java:134)
	at org.springframework.boot.actuate.autoconfigure.web.server.ManagementContextAutoConfiguration$DifferentManagementContextConfiguration.onApplicationEvent(ManagementContextAutoConfiguration.java:109)
	at org.springframework.boot.actuate.autoconfigure.web.server.ManagementContextAutoConfiguration$DifferentManagementContextConfiguration$$EnhancerBySpringCGLIB$$64ddb6df.onApplicationEvent(<generated>)
	at org.springframework.context.event.SimpleApplicationEventMulticaster.doInvokeListener(SimpleApplicationEventMulticaster.java:172)
	at org.springframework.context.event.SimpleApplicationEventMulticaster.invokeListener(SimpleApplicationEventMulticaster.java:165)
	at org.springframework.context.event.SimpleApplicationEventMulticaster.multicastEvent(SimpleApplicationEventMulticaster.java:139)
	at org.springframework.context.support.AbstractApplicationContext.publishEvent(AbstractApplicationContext.java:402)
	at org.springframework.context.support.AbstractApplicationContext.publishEvent(AbstractApplicationContext.java:359)
	at org.springframework.boot.web.servlet.context.ServletWebServerApplicationContext.finishRefresh(ServletWebServerApplicationContext.java:165)
	at org.springframework.context.support.AbstractApplicationContext.refresh(AbstractApplicationContext.java:552)
	at org.springframework.boot.web.servlet.context.ServletWebServerApplicationContext.refresh(ServletWebServerApplicationContext.java:141)
	at org.springframework.boot.SpringApplication.refresh(SpringApplication.java:743)
	at org.springframework.boot.SpringApplication.refreshContext(SpringApplication.java:390)
	at org.springframework.boot.SpringApplication.run(SpringApplication.java:312)
	at org.springframework.boot.SpringApplication.run(SpringApplication.java:1214)
	at org.springframework.boot.SpringApplication.run(SpringApplication.java:1203)
	at com.demo.registryservice.RegistryserviceApplication.main(RegistryserviceApplication.java:10)
	at sun.reflect.NativeMethodAccessorImpl.invoke0(Native Method)
	at sun.reflect.NativeMethodAccessorImpl.invoke(NativeMethodAccessorImpl.java:62)
	at sun.reflect.DelegatingMethodAccessorImpl.invoke(DelegatingMethodAccessorImpl.java:43)
	at java.lang.reflect.Method.invoke(Method.java:498)
	at org.springframework.boot.devtools.restart.RestartLauncher.run(RestartLauncher.java:49)
Caused by: java.net.BindException: Address already in use: bind
	at sun.nio.ch.Net.bind0(Native Method)
	at sun.nio.ch.Net.bind(Net.java:433)
	at sun.nio.ch.Net.bind(Net.java:425)
	at sun.nio.ch.ServerSocketChannelImpl.bind(ServerSocketChannelImpl.java:223)
	at sun.nio.ch.ServerSocketAdaptor.bind(ServerSocketAdaptor.java:74)
	at org.apache.tomcat.util.net.NioEndpoint.initServerSocket(NioEndpoint.java:230)
	at org.apache.tomcat.util.net.NioEndpoint.bind(NioEndpoint.java:213)
	at org.apache.tomcat.util.net.AbstractEndpoint.bindWithCleanup(AbstractEndpoint.java:1124)
	at org.apache.tomcat.util.net.AbstractEndpoint.start(AbstractEndpoint.java:1210)
	at org.apache.coyote.AbstractProtocol.start(AbstractProtocol.java:585)
	at org.apache.catalina.connector.Connector.startInternal(Connector.java:1005)
	... 30 common frames omitted
2019-09-06 10:59:54,480 INFO org.apache.juli.logging.DirectJDKLog [restartedMain] Pausing ProtocolHandler ["http-nio-8093"]
2019-09-06 10:59:54,481 INFO org.apache.juli.logging.DirectJDKLog [restartedMain] Stopping service [Tomcat]
2019-09-06 10:59:54,487 INFO org.apache.juli.logging.DirectJDKLog [restartedMain] The stop() method was called on component [StandardServer[-1]] after stop() had already been called. The second call will be ignored.
2019-09-06 10:59:54,491 INFO org.apache.juli.logging.DirectJDKLog [restartedMain] Stopping ProtocolHandler ["http-nio-8093"]
2019-09-06 10:59:54,493 INFO org.apache.juli.logging.DirectJDKLog [restartedMain] Destroying ProtocolHandler ["http-nio-8093"]
2019-09-06 10:59:54,495 INFO org.apache.juli.logging.DirectJDKLog [restartedMain] Pausing ProtocolHandler ["http-nio-8094"]
2019-09-06 10:59:54,511 INFO org.apache.juli.logging.DirectJDKLog [restartedMain] Stopping service [Tomcat]
2019-09-06 10:59:54,516 INFO org.apache.juli.logging.DirectJDKLog [restartedMain] Stopping ProtocolHandler ["http-nio-8094"]
2019-09-06 10:59:54,518 INFO org.apache.juli.logging.DirectJDKLog [restartedMain] Destroying ProtocolHandler ["http-nio-8094"]
2019-09-06 10:59:54,527 INFO org.springframework.boot.autoconfigure.logging.ConditionEvaluationReportLoggingListener [restartedMain] 

Error starting ApplicationContext. To display the conditions report re-run your application with 'debug' enabled.
2019-09-06 10:59:54,531 ERROR org.springframework.boot.diagnostics.LoggingFailureAnalysisReporter [restartedMain] 

***************************
APPLICATION FAILED TO START
***************************

Description:

The Tomcat connector configured to listen on port 8093 failed to start. The port may already be in use or the connector may be misconfigured.

Action:

Verify the connector's configuration, identify and stop any process that's listening on port 8093, or configure this application to listen on another port.

2019-09-06 10:59:54,538 INFO org.springframework.scheduling.concurrent.ExecutorConfigurationSupport [restartedMain] Shutting down ExecutorService 'applicationTaskExecutor'
2019-09-06 10:59:54,543 INFO org.springframework.orm.jpa.AbstractEntityManagerFactoryBean [restartedMain] Closing JPA EntityManagerFactory for persistence unit 'default'
2019-09-06 10:59:54,549 INFO com.zaxxer.hikari.HikariDataSource [restartedMain] HikariPool-1 - Shutdown initiated...
2019-09-06 10:59:54,554 INFO com.zaxxer.hikari.HikariDataSource [restartedMain] HikariPool-1 - Shutdown completed.
2019-09-06 11:00:28,665 INFO org.springframework.boot.StartupInfoLogger [restartedMain] Starting RegistryserviceApplication on 1A-1 with PID 4324 (D:\projects\registryservice\target\classes started by admin in D:\projects\registryservice)
2019-09-06 11:00:28,668 DEBUG org.springframework.boot.StartupInfoLogger [restartedMain] Running with Spring Boot v2.1.7.RELEASE, Spring v5.1.9.RELEASE
2019-09-06 11:00:28,670 INFO org.springframework.boot.SpringApplication [restartedMain] No active profile set, falling back to default profiles: default
2019-09-06 11:00:28,712 INFO org.springframework.boot.logging.DeferredLog [restartedMain] Devtools property defaults active! Set 'spring.devtools.add-properties' to 'false' to disable
2019-09-06 11:00:28,712 INFO org.springframework.boot.logging.DeferredLog [restartedMain] For additional web related logging consider setting the 'logging.level.web' property to 'DEBUG'
2019-09-06 11:00:29,887 INFO org.springframework.data.repository.config.RepositoryConfigurationDelegate [restartedMain] Bootstrapping Spring Data repositories in DEFAULT mode.
2019-09-06 11:00:29,951 INFO org.springframework.data.repository.config.RepositoryConfigurationDelegate [restartedMain] Finished Spring Data repository scanning in 55ms. Found 1 repository interfaces.
2019-09-06 11:00:30,416 INFO org.springframework.context.support.PostProcessorRegistrationDelegate$BeanPostProcessorChecker [restartedMain] Bean 'org.springframework.transaction.annotation.ProxyTransactionManagementConfiguration' of type [org.springframework.transaction.annotation.ProxyTransactionManagementConfiguration$$EnhancerBySpringCGLIB$$4f7413de] is not eligible for getting processed by all BeanPostProcessors (for example: not eligible for auto-proxying)
2019-09-06 11:00:30,997 INFO org.springframework.boot.web.embedded.tomcat.TomcatWebServer [restartedMain] Tomcat initialized with port(s): 8094 (http)
2019-09-06 11:00:31,016 INFO org.apache.juli.logging.DirectJDKLog [restartedMain] Initializing ProtocolHandler ["http-nio-8094"]
2019-09-06 11:00:31,030 INFO org.apache.juli.logging.DirectJDKLog [restartedMain] Starting service [Tomcat]
2019-09-06 11:00:31,031 INFO org.apache.juli.logging.DirectJDKLog [restartedMain] Starting Servlet engine: [Apache Tomcat/9.0.22]
2019-09-06 11:00:31,140 INFO org.apache.juli.logging.DirectJDKLog [restartedMain] Initializing Spring embedded WebApplicationContext
2019-09-06 11:00:31,141 INFO org.springframework.boot.web.servlet.context.ServletWebServerApplicationContext [restartedMain] Root WebApplicationContext: initialization completed in 2427 ms
2019-09-06 11:00:31,498 INFO com.zaxxer.hikari.HikariDataSource [restartedMain] HikariPool-1 - Starting...
2019-09-06 11:00:31,887 INFO com.zaxxer.hikari.HikariDataSource [restartedMain] HikariPool-1 - Start completed.
2019-09-06 11:00:31,945 INFO org.hibernate.jpa.internal.util.LogHelper [restartedMain] HHH000204: Processing PersistenceUnitInfo [
	name: default
	...]
2019-09-06 11:00:32,065 INFO org.hibernate.Version [restartedMain] HHH000412: Hibernate Core {5.3.10.Final}
2019-09-06 11:00:32,093 INFO org.hibernate.cfg.Environment [restartedMain] HHH000206: hibernate.properties not found
2019-09-06 11:00:32,236 INFO org.hibernate.annotations.common.reflection.java.JavaReflectionManager [restartedMain] HCANN000001: Hibernate Commons Annotations {5.0.4.Final}
2019-09-06 11:00:32,375 INFO org.hibernate.dialect.Dialect [restartedMain] HHH000400: Using dialect: org.hibernate.dialect.MySQL5Dialect
2019-09-06 11:00:33,124 INFO org.springframework.orm.jpa.AbstractEntityManagerFactoryBean [restartedMain] Initialized JPA EntityManagerFactory for persistence unit 'default'
2019-09-06 11:00:33,144 WARN org.springframework.boot.devtools.autoconfigure.OptionalLiveReloadServer [restartedMain] Unable to start LiveReload server
2019-09-06 11:00:33,692 WARN org.springframework.boot.autoconfigure.orm.jpa.JpaBaseConfiguration$JpaWebConfiguration$JpaWebMvcConfiguration [restartedMain] spring.jpa.open-in-view is enabled by default. Therefore, database queries may be performed during view rendering. Explicitly configure spring.jpa.open-in-view to disable this warning
2019-09-06 11:00:33,850 INFO springfox.documentation.spring.web.PropertySourcedRequestMappingHandlerMapping [restartedMain] Mapped URL path [/v2/api-docs] onto method [public org.springframework.http.ResponseEntity<springfox.documentation.spring.web.json.Json> springfox.documentation.swagger2.web.Swagger2Controller.getDocumentation(java.lang.String,javax.servlet.http.HttpServletRequest)]
2019-09-06 11:00:33,997 INFO org.springframework.scheduling.concurrent.ExecutorConfigurationSupport [restartedMain] Initializing ExecutorService 'applicationTaskExecutor'
2019-09-06 11:00:34,499 INFO springfox.documentation.spring.web.plugins.DocumentationPluginsBootstrapper [restartedMain] Context refreshed
2019-09-06 11:00:34,523 INFO springfox.documentation.spring.web.plugins.DocumentationPluginsBootstrapper [restartedMain] Found 1 custom documentation plugin(s)
2019-09-06 11:00:34,550 INFO springfox.documentation.spring.web.scanners.ApiListingReferenceScanner [restartedMain] Scanning for api listing references
2019-09-06 11:00:34,675 INFO org.apache.juli.logging.DirectJDKLog [restartedMain] Starting ProtocolHandler ["http-nio-8094"]
2019-09-06 11:00:34,700 INFO org.springframework.boot.web.embedded.tomcat.TomcatWebServer [restartedMain] Tomcat started on port(s): 8094 (http) with context path '/userregistryservice'
2019-09-06 11:00:34,839 INFO org.springframework.boot.web.embedded.tomcat.TomcatWebServer [restartedMain] Tomcat initialized with port(s): 8092 (http)
2019-09-06 11:00:34,841 INFO org.apache.juli.logging.DirectJDKLog [restartedMain] Initializing ProtocolHandler ["http-nio-8092"]
2019-09-06 11:00:34,843 INFO org.apache.juli.logging.DirectJDKLog [restartedMain] Starting service [Tomcat]
2019-09-06 11:00:34,843 INFO org.apache.juli.logging.DirectJDKLog [restartedMain] Starting Servlet engine: [Apache Tomcat/9.0.22]
2019-09-06 11:00:34,859 INFO org.apache.juli.logging.DirectJDKLog [restartedMain] Initializing Spring embedded WebApplicationContext
2019-09-06 11:00:34,860 INFO org.springframework.boot.web.servlet.context.ServletWebServerApplicationContext [restartedMain] Root WebApplicationContext: initialization completed in 154 ms
2019-09-06 11:00:34,893 INFO org.springframework.boot.actuate.endpoint.web.EndpointLinksResolver [restartedMain] Exposing 15 endpoint(s) beneath base path '/actuator'
2019-09-06 11:00:34,956 INFO org.apache.juli.logging.DirectJDKLog [restartedMain] Starting ProtocolHandler ["http-nio-8092"]
2019-09-06 11:00:34,961 INFO org.springframework.boot.web.embedded.tomcat.TomcatWebServer [restartedMain] Tomcat started on port(s): 8092 (http) with context path ''
2019-09-06 11:00:34,964 INFO org.springframework.boot.StartupInfoLogger [restartedMain] Started RegistryserviceApplication in 6.676 seconds (JVM running for 7.074)
2019-09-06 11:00:36,627 INFO org.apache.juli.logging.DirectJDKLog [RMI TCP Connection(1)-192.168.1.30] Initializing Spring DispatcherServlet 'dispatcherServlet'
2019-09-06 11:00:36,627 INFO org.springframework.web.servlet.FrameworkServlet [RMI TCP Connection(1)-192.168.1.30] Initializing Servlet 'dispatcherServlet'
2019-09-06 11:00:36,641 INFO org.springframework.web.servlet.FrameworkServlet [RMI TCP Connection(1)-192.168.1.30] Completed initialization in 12 ms
2019-09-06 11:11:28,242 INFO com.demo.registryservice.aspect.LoggingAspect [http-nio-8094-exec-4] Enter com.demo.registryservice.controller.UserController.registerUser with argument(s) = [UserDTO(id=null, firstName=Test1, lastName=User, gender=M, panDetail=ASDFGH234, phoneNo=9898989889, email=testuser1@hcl.com, dateOfBirth=Fri Sep 06 11:10:29 IST 2019)]
2019-09-06 11:11:28,249 INFO com.demo.registryservice.aspect.LoggingAspect [http-nio-8094-exec-4] Enter com.demo.registryservice.service.impl.UserServiceImpl.registerUser with argument(s) = [UserDTO(id=null, firstName=Test1, lastName=User, gender=M, panDetail=ASDFGH234, phoneNo=9898989889, email=testuser1@hcl.com, dateOfBirth=Fri Sep 06 11:10:29 IST 2019)]
2019-09-06 11:11:28,631 INFO com.demo.registryservice.service.impl.UserServiceImpl [http-nio-8094-exec-4] register user:::::{"id":null,"accountNumber":"iRcLOJKI","balance":10000,"userId":100}
2019-09-06 11:11:28,632 INFO com.demo.registryservice.aspect.LoggingAspect [http-nio-8094-exec-4] Exit com.demo.registryservice.service.impl.UserServiceImpl.registerUser with result(s) = UserDTO(id=100, firstName=Test1, lastName=User, gender=M, panDetail=ASDFGH234, phoneNo=9898989889, email=testuser1@hcl.com, dateOfBirth=Fri Sep 06 11:10:29 IST 2019)
2019-09-06 11:11:28,635 INFO com.demo.registryservice.aspect.LoggingAspect [http-nio-8094-exec-4] Exit com.demo.registryservice.controller.UserController.registerUser with result(s) = <200 OK OK,UserDTO(id=100, firstName=Test1, lastName=User, gender=M, panDetail=ASDFGH234, phoneNo=9898989889, email=testuser1@hcl.com, dateOfBirth=Fri Sep 06 11:10:29 IST 2019),[]>
2019-09-06 11:13:39,438 INFO com.demo.registryservice.aspect.LoggingAspect [http-nio-8094-exec-9] Enter com.demo.registryservice.controller.UserController.registerUser with argument(s) = [UserDTO(id=null, firstName=Test2, lastName=User, gender=M, panDetail=ASDFGH234, phoneNo=9898989889, email=testuser2@hcl.com, dateOfBirth=Fri Sep 06 11:10:29 IST 2019)]
2019-09-06 11:13:39,439 INFO com.demo.registryservice.aspect.LoggingAspect [http-nio-8094-exec-9] Enter com.demo.registryservice.service.impl.UserServiceImpl.registerUser with argument(s) = [UserDTO(id=null, firstName=Test2, lastName=User, gender=M, panDetail=ASDFGH234, phoneNo=9898989889, email=testuser2@hcl.com, dateOfBirth=Fri Sep 06 11:10:29 IST 2019)]
2019-09-06 11:13:39,698 INFO com.demo.registryservice.service.impl.UserServiceImpl [http-nio-8094-exec-9] register user:::::{"id":102,"accountNumber":"ouDCroTE","balance":10000,"userId":101}
2019-09-06 11:13:39,698 INFO com.demo.registryservice.aspect.LoggingAspect [http-nio-8094-exec-9] Exit com.demo.registryservice.service.impl.UserServiceImpl.registerUser with result(s) = UserDTO(id=101, firstName=Test2, lastName=User, gender=M, panDetail=ASDFGH234, phoneNo=9898989889, email=testuser2@hcl.com, dateOfBirth=Fri Sep 06 11:10:29 IST 2019)
2019-09-06 11:13:39,700 INFO com.demo.registryservice.aspect.LoggingAspect [http-nio-8094-exec-9] Exit com.demo.registryservice.controller.UserController.registerUser with result(s) = <200 OK OK,UserDTO(id=101, firstName=Test2, lastName=User, gender=M, panDetail=ASDFGH234, phoneNo=9898989889, email=testuser2@hcl.com, dateOfBirth=Fri Sep 06 11:10:29 IST 2019),[]>
