2019-09-09 15:25:52,500 DEBUG org.hibernate.validator.messageinterpolation.ResourceBundleMessageInterpolator [background-preinit] Loaded expression factory via original TCCL
2019-09-09 15:25:52,614 INFO org.springframework.boot.StartupInfoLogger [restartedMain] Starting RegistryserviceApplication on 1A-1 with PID 3564 (D:\projects\registryservice\target\classes started by admin in D:\projects\registryservice)
2019-09-09 15:25:52,615 DEBUG org.springframework.boot.StartupInfoLogger [restartedMain] Running with Spring Boot v2.1.7.RELEASE, Spring v5.1.9.RELEASE
2019-09-09 15:25:52,618 INFO org.springframework.boot.SpringApplication [restartedMain] No active profile set, falling back to default profiles: default
2019-09-09 15:25:52,665 INFO org.springframework.boot.logging.DeferredLog [restartedMain] Devtools property defaults active! Set 'spring.devtools.add-properties' to 'false' to disable
2019-09-09 15:25:52,666 INFO org.springframework.boot.logging.DeferredLog [restartedMain] For additional web related logging consider setting the 'logging.level.web' property to 'DEBUG'
2019-09-09 15:25:53,917 INFO org.springframework.data.repository.config.RepositoryConfigurationDelegate [restartedMain] Bootstrapping Spring Data repositories in DEFAULT mode.
2019-09-09 15:25:53,989 INFO org.springframework.data.repository.config.RepositoryConfigurationDelegate [restartedMain] Finished Spring Data repository scanning in 61ms. Found 1 repository interfaces.
2019-09-09 15:25:54,477 INFO org.springframework.context.support.PostProcessorRegistrationDelegate$BeanPostProcessorChecker [restartedMain] Bean 'org.springframework.transaction.annotation.ProxyTransactionManagementConfiguration' of type [org.springframework.transaction.annotation.ProxyTransactionManagementConfiguration$$EnhancerBySpringCGLIB$$26c9f7fe] is not eligible for getting processed by all BeanPostProcessors (for example: not eligible for auto-proxying)
2019-09-09 15:25:55,134 INFO org.springframework.boot.web.embedded.tomcat.TomcatWebServer [restartedMain] Tomcat initialized with port(s): 8094 (http)
2019-09-09 15:25:55,156 INFO org.apache.juli.logging.DirectJDKLog [restartedMain] Initializing ProtocolHandler ["http-nio-8094"]
2019-09-09 15:25:55,182 INFO org.apache.juli.logging.DirectJDKLog [restartedMain] Starting service [Tomcat]
2019-09-09 15:25:55,183 INFO org.apache.juli.logging.DirectJDKLog [restartedMain] Starting Servlet engine: [Apache Tomcat/9.0.22]
2019-09-09 15:25:56,592 INFO org.apache.juli.logging.DirectJDKLog [restartedMain] Initializing Spring embedded WebApplicationContext
2019-09-09 15:25:56,593 INFO org.springframework.boot.web.servlet.context.ServletWebServerApplicationContext [restartedMain] Root WebApplicationContext: initialization completed in 3925 ms
2019-09-09 15:25:56,895 INFO com.zaxxer.hikari.HikariDataSource [restartedMain] HikariPool-1 - Starting...
2019-09-09 15:25:58,218 INFO com.zaxxer.hikari.HikariDataSource [restartedMain] HikariPool-1 - Start completed.
2019-09-09 15:25:58,274 INFO org.hibernate.jpa.internal.util.LogHelper [restartedMain] HHH000204: Processing PersistenceUnitInfo [
	name: default
	...]
2019-09-09 15:25:58,427 INFO org.hibernate.Version [restartedMain] HHH000412: Hibernate Core {5.3.10.Final}
2019-09-09 15:25:58,437 INFO org.hibernate.cfg.Environment [restartedMain] HHH000206: hibernate.properties not found
2019-09-09 15:25:58,605 INFO org.hibernate.annotations.common.reflection.java.JavaReflectionManager [restartedMain] HCANN000001: Hibernate Commons Annotations {5.0.4.Final}
2019-09-09 15:25:58,768 INFO org.hibernate.dialect.Dialect [restartedMain] HHH000400: Using dialect: org.hibernate.dialect.MySQL5Dialect
2019-09-09 15:25:59,546 INFO org.springframework.orm.jpa.AbstractEntityManagerFactoryBean [restartedMain] Initialized JPA EntityManagerFactory for persistence unit 'default'
2019-09-09 15:25:59,568 INFO org.springframework.boot.devtools.autoconfigure.OptionalLiveReloadServer [restartedMain] LiveReload server is running on port 35729
2019-09-09 15:26:00,129 WARN org.springframework.boot.autoconfigure.orm.jpa.JpaBaseConfiguration$JpaWebConfiguration$JpaWebMvcConfiguration [restartedMain] spring.jpa.open-in-view is enabled by default. Therefore, database queries may be performed during view rendering. Explicitly configure spring.jpa.open-in-view to disable this warning
2019-09-09 15:26:00,291 INFO springfox.documentation.spring.web.PropertySourcedRequestMappingHandlerMapping [restartedMain] Mapped URL path [/v2/api-docs] onto method [public org.springframework.http.ResponseEntity<springfox.documentation.spring.web.json.Json> springfox.documentation.swagger2.web.Swagger2Controller.getDocumentation(java.lang.String,javax.servlet.http.HttpServletRequest)]
2019-09-09 15:26:00,453 INFO org.springframework.scheduling.concurrent.ExecutorConfigurationSupport [restartedMain] Initializing ExecutorService 'applicationTaskExecutor'
2019-09-09 15:26:00,996 INFO springfox.documentation.spring.web.plugins.DocumentationPluginsBootstrapper [restartedMain] Context refreshed
2019-09-09 15:26:01,023 INFO springfox.documentation.spring.web.plugins.DocumentationPluginsBootstrapper [restartedMain] Found 1 custom documentation plugin(s)
2019-09-09 15:26:01,057 INFO springfox.documentation.spring.web.scanners.ApiListingReferenceScanner [restartedMain] Scanning for api listing references
2019-09-09 15:26:01,208 INFO org.apache.juli.logging.DirectJDKLog [restartedMain] Starting ProtocolHandler ["http-nio-8094"]
2019-09-09 15:26:01,283 INFO org.springframework.boot.web.embedded.tomcat.TomcatWebServer [restartedMain] Tomcat started on port(s): 8094 (http) with context path '/userregistryservice'
2019-09-09 15:26:01,436 INFO org.springframework.boot.web.embedded.tomcat.TomcatWebServer [restartedMain] Tomcat initialized with port(s): 8092 (http)
2019-09-09 15:26:01,438 INFO org.apache.juli.logging.DirectJDKLog [restartedMain] Initializing ProtocolHandler ["http-nio-8092"]
2019-09-09 15:26:01,440 INFO org.apache.juli.logging.DirectJDKLog [restartedMain] Starting service [Tomcat]
2019-09-09 15:26:01,441 INFO org.apache.juli.logging.DirectJDKLog [restartedMain] Starting Servlet engine: [Apache Tomcat/9.0.22]
2019-09-09 15:26:01,460 INFO org.apache.juli.logging.DirectJDKLog [restartedMain] Initializing Spring embedded WebApplicationContext
2019-09-09 15:26:01,461 INFO org.springframework.boot.web.servlet.context.ServletWebServerApplicationContext [restartedMain] Root WebApplicationContext: initialization completed in 171 ms
2019-09-09 15:26:01,500 INFO org.springframework.boot.actuate.endpoint.web.EndpointLinksResolver [restartedMain] Exposing 15 endpoint(s) beneath base path '/actuator'
2019-09-09 15:26:01,568 INFO org.apache.juli.logging.DirectJDKLog [restartedMain] Starting ProtocolHandler ["http-nio-8092"]
2019-09-09 15:26:01,574 INFO org.springframework.boot.web.embedded.tomcat.TomcatWebServer [restartedMain] Tomcat started on port(s): 8092 (http) with context path ''
2019-09-09 15:26:01,577 INFO org.springframework.boot.StartupInfoLogger [restartedMain] Started RegistryserviceApplication in 9.366 seconds (JVM running for 9.763)
2019-09-09 15:26:05,562 INFO org.apache.juli.logging.DirectJDKLog [RMI TCP Connection(1)-192.168.1.19] Initializing Spring DispatcherServlet 'dispatcherServlet'
2019-09-09 15:26:05,563 INFO org.springframework.web.servlet.FrameworkServlet [RMI TCP Connection(1)-192.168.1.19] Initializing Servlet 'dispatcherServlet'
2019-09-09 15:26:05,572 INFO org.springframework.web.servlet.FrameworkServlet [RMI TCP Connection(1)-192.168.1.19] Completed initialization in 9 ms
2019-09-09 15:38:33,693 INFO com.demo.registryservice.aspect.LoggingAspect [http-nio-8094-exec-10] Enter com.demo.registryservice.controller.UserController.registerUser with argument(s) = [UserDTO(id=null, firstName=Test3, lastName=User, gender=M, panDetail=ASDF123, phoneNo=1111111111, email=testuser3@hcl.com, dateOfBirth=Sun Sep 09 15:28:21 IST 1990)]
2019-09-09 15:38:33,698 INFO com.demo.registryservice.aspect.LoggingAspect [http-nio-8094-exec-10] Enter com.demo.registryservice.service.impl.UserServiceImpl.registerUser with argument(s) = [UserDTO(id=null, firstName=Test3, lastName=User, gender=M, panDetail=ASDF123, phoneNo=1111111111, email=testuser3@hcl.com, dateOfBirth=Sun Sep 09 15:28:21 IST 1990)]
2019-09-09 15:38:34,006 INFO com.demo.registryservice.service.impl.UserServiceImpl [http-nio-8094-exec-10] register user:::::{"id":104,"accountNumber":"nVWieZlw","balance":10000,"userId":103}
2019-09-09 15:38:34,006 INFO com.demo.registryservice.aspect.LoggingAspect [http-nio-8094-exec-10] Exit com.demo.registryservice.service.impl.UserServiceImpl.registerUser with result(s) = UserDTO(id=103, firstName=Test3, lastName=User, gender=M, panDetail=ASDF123, phoneNo=1111111111, email=testuser3@hcl.com, dateOfBirth=Sun Sep 09 15:28:21 IST 1990)
2019-09-09 15:38:34,007 INFO com.demo.registryservice.aspect.LoggingAspect [http-nio-8094-exec-10] Exit com.demo.registryservice.controller.UserController.registerUser with result(s) = <200 OK OK,UserDTO(id=103, firstName=Test3, lastName=User, gender=M, panDetail=ASDF123, phoneNo=1111111111, email=testuser3@hcl.com, dateOfBirth=Sun Sep 09 15:28:21 IST 1990),[]>
2019-09-09 16:04:20,873 INFO org.springframework.boot.StartupInfoLogger [restartedMain] Starting RegistryserviceApplication on 1A-1 with PID 1424 (D:\projects\registryservice\target\classes started by admin in D:\projects\registryservice)
2019-09-09 16:04:20,875 DEBUG org.springframework.boot.StartupInfoLogger [restartedMain] Running with Spring Boot v2.1.7.RELEASE, Spring v5.1.9.RELEASE
2019-09-09 16:04:20,879 INFO org.springframework.boot.SpringApplication [restartedMain] No active profile set, falling back to default profiles: default
2019-09-09 16:04:20,926 INFO org.springframework.boot.logging.DeferredLog [restartedMain] Devtools property defaults active! Set 'spring.devtools.add-properties' to 'false' to disable
2019-09-09 16:04:20,926 INFO org.springframework.boot.logging.DeferredLog [restartedMain] For additional web related logging consider setting the 'logging.level.web' property to 'DEBUG'
2019-09-09 16:04:22,446 INFO org.springframework.data.repository.config.RepositoryConfigurationDelegate [restartedMain] Bootstrapping Spring Data repositories in DEFAULT mode.
2019-09-09 16:04:22,579 INFO org.springframework.data.repository.config.RepositoryConfigurationDelegate [restartedMain] Finished Spring Data repository scanning in 105ms. Found 1 repository interfaces.
2019-09-09 16:04:23,805 INFO org.springframework.context.support.PostProcessorRegistrationDelegate$BeanPostProcessorChecker [restartedMain] Bean 'org.springframework.transaction.annotation.ProxyTransactionManagementConfiguration' of type [org.springframework.transaction.annotation.ProxyTransactionManagementConfiguration$$EnhancerBySpringCGLIB$$3f874241] is not eligible for getting processed by all BeanPostProcessors (for example: not eligible for auto-proxying)
2019-09-09 16:04:24,456 INFO org.springframework.boot.web.embedded.tomcat.TomcatWebServer [restartedMain] Tomcat initialized with port(s): 8094 (http)
2019-09-09 16:04:24,474 INFO org.apache.juli.logging.DirectJDKLog [restartedMain] Initializing ProtocolHandler ["http-nio-8094"]
2019-09-09 16:04:24,489 INFO org.apache.juli.logging.DirectJDKLog [restartedMain] Starting service [Tomcat]
2019-09-09 16:04:24,490 INFO org.apache.juli.logging.DirectJDKLog [restartedMain] Starting Servlet engine: [Apache Tomcat/9.0.22]
2019-09-09 16:04:24,607 INFO org.apache.juli.logging.DirectJDKLog [restartedMain] Initializing Spring embedded WebApplicationContext
2019-09-09 16:04:24,608 INFO org.springframework.boot.web.servlet.context.ServletWebServerApplicationContext [restartedMain] Root WebApplicationContext: initialization completed in 3679 ms
2019-09-09 16:04:24,912 INFO com.zaxxer.hikari.HikariDataSource [restartedMain] HikariPool-1 - Starting...
2019-09-09 16:04:25,285 INFO com.zaxxer.hikari.HikariDataSource [restartedMain] HikariPool-1 - Start completed.
2019-09-09 16:04:25,345 INFO org.hibernate.jpa.internal.util.LogHelper [restartedMain] HHH000204: Processing PersistenceUnitInfo [
	name: default
	...]
2019-09-09 16:04:25,454 INFO org.hibernate.Version [restartedMain] HHH000412: Hibernate Core {5.3.10.Final}
2019-09-09 16:04:25,468 INFO org.hibernate.cfg.Environment [restartedMain] HHH000206: hibernate.properties not found
2019-09-09 16:04:25,608 INFO org.hibernate.annotations.common.reflection.java.JavaReflectionManager [restartedMain] HCANN000001: Hibernate Commons Annotations {5.0.4.Final}
2019-09-09 16:04:25,756 INFO org.hibernate.dialect.Dialect [restartedMain] HHH000400: Using dialect: org.hibernate.dialect.MySQL5Dialect
2019-09-09 16:04:26,571 INFO org.springframework.orm.jpa.AbstractEntityManagerFactoryBean [restartedMain] Initialized JPA EntityManagerFactory for persistence unit 'default'
2019-09-09 16:04:26,594 WARN org.springframework.boot.devtools.autoconfigure.OptionalLiveReloadServer [restartedMain] Unable to start LiveReload server
2019-09-09 16:04:27,193 WARN org.springframework.boot.autoconfigure.orm.jpa.JpaBaseConfiguration$JpaWebConfiguration$JpaWebMvcConfiguration [restartedMain] spring.jpa.open-in-view is enabled by default. Therefore, database queries may be performed during view rendering. Explicitly configure spring.jpa.open-in-view to disable this warning
2019-09-09 16:04:27,339 INFO springfox.documentation.spring.web.PropertySourcedRequestMappingHandlerMapping [restartedMain] Mapped URL path [/v2/api-docs] onto method [public org.springframework.http.ResponseEntity<springfox.documentation.spring.web.json.Json> springfox.documentation.swagger2.web.Swagger2Controller.getDocumentation(java.lang.String,javax.servlet.http.HttpServletRequest)]
2019-09-09 16:04:27,486 INFO org.springframework.scheduling.concurrent.ExecutorConfigurationSupport [restartedMain] Initializing ExecutorService 'applicationTaskExecutor'
2019-09-09 16:04:28,013 INFO springfox.documentation.spring.web.plugins.DocumentationPluginsBootstrapper [restartedMain] Context refreshed
2019-09-09 16:04:28,041 INFO springfox.documentation.spring.web.plugins.DocumentationPluginsBootstrapper [restartedMain] Found 1 custom documentation plugin(s)
2019-09-09 16:04:28,067 INFO springfox.documentation.spring.web.scanners.ApiListingReferenceScanner [restartedMain] Scanning for api listing references
2019-09-09 16:04:28,213 INFO org.apache.juli.logging.DirectJDKLog [restartedMain] Starting ProtocolHandler ["http-nio-8094"]
2019-09-09 16:04:28,235 INFO org.springframework.boot.web.embedded.tomcat.TomcatWebServer [restartedMain] Tomcat started on port(s): 8094 (http) with context path '/userregistryservice'
2019-09-09 16:04:28,366 INFO org.springframework.boot.web.embedded.tomcat.TomcatWebServer [restartedMain] Tomcat initialized with port(s): 8092 (http)
2019-09-09 16:04:28,369 INFO org.apache.juli.logging.DirectJDKLog [restartedMain] Initializing ProtocolHandler ["http-nio-8092"]
2019-09-09 16:04:28,371 INFO org.apache.juli.logging.DirectJDKLog [restartedMain] Starting service [Tomcat]
2019-09-09 16:04:28,372 INFO org.apache.juli.logging.DirectJDKLog [restartedMain] Starting Servlet engine: [Apache Tomcat/9.0.22]
2019-09-09 16:04:28,392 INFO org.apache.juli.logging.DirectJDKLog [restartedMain] Initializing Spring embedded WebApplicationContext
2019-09-09 16:04:28,392 INFO org.springframework.boot.web.servlet.context.ServletWebServerApplicationContext [restartedMain] Root WebApplicationContext: initialization completed in 148 ms
2019-09-09 16:04:28,429 INFO org.springframework.boot.actuate.endpoint.web.EndpointLinksResolver [restartedMain] Exposing 15 endpoint(s) beneath base path '/actuator'
2019-09-09 16:04:28,493 INFO org.apache.juli.logging.DirectJDKLog [restartedMain] Starting ProtocolHandler ["http-nio-8092"]
2019-09-09 16:04:28,498 INFO org.springframework.boot.web.embedded.tomcat.TomcatWebServer [restartedMain] Tomcat started on port(s): 8092 (http) with context path ''
2019-09-09 16:04:28,501 INFO org.springframework.boot.StartupInfoLogger [restartedMain] Started RegistryserviceApplication in 7.978 seconds (JVM running for 8.464)
2019-09-09 16:04:28,834 INFO org.apache.juli.logging.DirectJDKLog [RMI TCP Connection(1)-192.168.1.19] Initializing Spring DispatcherServlet 'dispatcherServlet'
2019-09-09 16:04:28,837 INFO org.springframework.web.servlet.FrameworkServlet [RMI TCP Connection(1)-192.168.1.19] Initializing Servlet 'dispatcherServlet'
2019-09-09 16:04:28,852 INFO org.springframework.web.servlet.FrameworkServlet [RMI TCP Connection(1)-192.168.1.19] Completed initialization in 13 ms
2019-09-09 16:15:49,605 INFO com.demo.registryservice.aspect.LoggingAspect [http-nio-8094-exec-1] Enter com.demo.registryservice.controller.UserController.registerUser with argument(s) = [UserDTO(id=null, firstName=Test1, lastName=User, gender=M, panDetail=ASDF111, phoneNo=1111111111, email=testuser1@hcl.com, dateOfBirth=Sun Sep 09 15:28:21 IST 1990)]
2019-09-09 16:15:49,613 INFO com.demo.registryservice.aspect.LoggingAspect [http-nio-8094-exec-1] Enter com.demo.registryservice.service.impl.UserServiceImpl.registerUser with argument(s) = [UserDTO(id=null, firstName=Test1, lastName=User, gender=M, panDetail=ASDF111, phoneNo=1111111111, email=testuser1@hcl.com, dateOfBirth=Sun Sep 09 15:28:21 IST 1990)]
2019-09-09 16:15:50,072 INFO com.demo.registryservice.service.impl.UserServiceImpl [http-nio-8094-exec-1] register user:::::{"id":116,"accountNumber":"IhPHPjMd","balance":10000,"userId":115}
2019-09-09 16:15:50,073 INFO com.demo.registryservice.aspect.LoggingAspect [http-nio-8094-exec-1] Exit com.demo.registryservice.service.impl.UserServiceImpl.registerUser with result(s) = UserDTO(id=115, firstName=Test1, lastName=User, gender=M, panDetail=ASDF111, phoneNo=1111111111, email=testuser1@hcl.com, dateOfBirth=Sun Sep 09 15:28:21 IST 1990)
2019-09-09 16:15:50,076 INFO com.demo.registryservice.aspect.LoggingAspect [http-nio-8094-exec-1] Exit com.demo.registryservice.controller.UserController.registerUser with result(s) = <200 OK OK,UserDTO(id=115, firstName=Test1, lastName=User, gender=M, panDetail=ASDF111, phoneNo=1111111111, email=testuser1@hcl.com, dateOfBirth=Sun Sep 09 15:28:21 IST 1990),[]>
2019-09-09 16:16:29,055 INFO com.demo.registryservice.aspect.LoggingAspect [http-nio-8094-exec-2] Enter com.demo.registryservice.controller.UserController.registerUser with argument(s) = [UserDTO(id=null, firstName=Test2, lastName=User, gender=M, panDetail=ASDF112, phoneNo=1111111112, email=testuser2@hcl.com, dateOfBirth=Sun Sep 09 15:28:21 IST 1990)]
2019-09-09 16:16:29,056 INFO com.demo.registryservice.aspect.LoggingAspect [http-nio-8094-exec-2] Enter com.demo.registryservice.service.impl.UserServiceImpl.registerUser with argument(s) = [UserDTO(id=null, firstName=Test2, lastName=User, gender=M, panDetail=ASDF112, phoneNo=1111111112, email=testuser2@hcl.com, dateOfBirth=Sun Sep 09 15:28:21 IST 1990)]
2019-09-09 16:16:29,173 INFO com.demo.registryservice.service.impl.UserServiceImpl [http-nio-8094-exec-2] register user:::::{"id":118,"accountNumber":"uIsDOItW","balance":10000,"userId":117}
2019-09-09 16:16:29,173 INFO com.demo.registryservice.aspect.LoggingAspect [http-nio-8094-exec-2] Exit com.demo.registryservice.service.impl.UserServiceImpl.registerUser with result(s) = UserDTO(id=117, firstName=Test2, lastName=User, gender=M, panDetail=ASDF112, phoneNo=1111111112, email=testuser2@hcl.com, dateOfBirth=Sun Sep 09 15:28:21 IST 1990)
2019-09-09 16:16:29,174 INFO com.demo.registryservice.aspect.LoggingAspect [http-nio-8094-exec-2] Exit com.demo.registryservice.controller.UserController.registerUser with result(s) = <200 OK OK,UserDTO(id=117, firstName=Test2, lastName=User, gender=M, panDetail=ASDF112, phoneNo=1111111112, email=testuser2@hcl.com, dateOfBirth=Sun Sep 09 15:28:21 IST 1990),[]>
2019-09-09 18:16:17,244 INFO org.springframework.scheduling.concurrent.ExecutorConfigurationSupport [Thread-1] Shutting down ExecutorService 'applicationTaskExecutor'
2019-09-09 18:16:17,252 INFO org.springframework.orm.jpa.AbstractEntityManagerFactoryBean [Thread-1] Closing JPA EntityManagerFactory for persistence unit 'default'
2019-09-09 18:16:17,315 INFO com.zaxxer.hikari.HikariDataSource [Thread-1] HikariPool-1 - Shutdown initiated...
2019-09-09 18:16:17,323 INFO com.zaxxer.hikari.HikariDataSource [Thread-1] HikariPool-1 - Shutdown completed.
2019-09-09 18:16:17,641 INFO org.springframework.boot.StartupInfoLogger [restartedMain] Starting RegistryserviceApplication on 1A-1 with PID 1424 (D:\projects\registryservice\target\classes started by admin in D:\projects\registryservice)
2019-09-09 18:16:17,641 DEBUG org.springframework.boot.StartupInfoLogger [restartedMain] Running with Spring Boot v2.1.7.RELEASE, Spring v5.1.9.RELEASE
2019-09-09 18:16:17,642 INFO org.springframework.boot.SpringApplication [restartedMain] No active profile set, falling back to default profiles: default
2019-09-09 18:16:18,207 INFO org.springframework.data.repository.config.RepositoryConfigurationDelegate [restartedMain] Bootstrapping Spring Data repositories in DEFAULT mode.
2019-09-09 18:16:18,220 INFO org.springframework.data.repository.config.RepositoryConfigurationDelegate [restartedMain] Finished Spring Data repository scanning in 12ms. Found 1 repository interfaces.
2019-09-09 18:16:18,299 INFO org.springframework.context.support.PostProcessorRegistrationDelegate$BeanPostProcessorChecker [restartedMain] Bean 'org.springframework.transaction.annotation.ProxyTransactionManagementConfiguration' of type [org.springframework.transaction.annotation.ProxyTransactionManagementConfiguration$$EnhancerBySpringCGLIB$$3f874241] is not eligible for getting processed by all BeanPostProcessors (for example: not eligible for auto-proxying)
2019-09-09 18:16:18,450 INFO org.springframework.boot.web.embedded.tomcat.TomcatWebServer [restartedMain] Tomcat initialized with port(s): 8094 (http)
2019-09-09 18:16:18,453 INFO org.apache.juli.logging.DirectJDKLog [restartedMain] Initializing ProtocolHandler ["http-nio-8094"]
2019-09-09 18:16:18,453 INFO org.apache.juli.logging.DirectJDKLog [restartedMain] Starting service [Tomcat]
2019-09-09 18:16:18,455 INFO org.apache.juli.logging.DirectJDKLog [restartedMain] Starting Servlet engine: [Apache Tomcat/9.0.22]
2019-09-09 18:16:18,469 INFO org.apache.juli.logging.DirectJDKLog [restartedMain] Initializing Spring embedded WebApplicationContext
2019-09-09 18:16:18,475 INFO org.springframework.boot.web.servlet.context.ServletWebServerApplicationContext [restartedMain] Root WebApplicationContext: initialization completed in 829 ms
2019-09-09 18:16:18,688 INFO com.zaxxer.hikari.HikariDataSource [restartedMain] HikariPool-2 - Starting...
2019-09-09 18:16:18,720 INFO com.zaxxer.hikari.HikariDataSource [restartedMain] HikariPool-2 - Start completed.
2019-09-09 18:16:18,802 INFO org.hibernate.jpa.internal.util.LogHelper [restartedMain] HHH000204: Processing PersistenceUnitInfo [
	name: default
	...]
2019-09-09 18:16:18,812 INFO org.hibernate.dialect.Dialect [restartedMain] HHH000400: Using dialect: org.hibernate.dialect.MySQL5Dialect
2019-09-09 18:16:18,922 INFO org.springframework.orm.jpa.AbstractEntityManagerFactoryBean [restartedMain] Initialized JPA EntityManagerFactory for persistence unit 'default'
2019-09-09 18:16:18,933 WARN org.springframework.boot.devtools.autoconfigure.OptionalLiveReloadServer [restartedMain] Unable to start LiveReload server
2019-09-09 18:16:19,128 WARN org.springframework.boot.autoconfigure.orm.jpa.JpaBaseConfiguration$JpaWebConfiguration$JpaWebMvcConfiguration [restartedMain] spring.jpa.open-in-view is enabled by default. Therefore, database queries may be performed during view rendering. Explicitly configure spring.jpa.open-in-view to disable this warning
2019-09-09 18:16:19,202 INFO springfox.documentation.spring.web.PropertySourcedRequestMappingHandlerMapping [restartedMain] Mapped URL path [/v2/api-docs] onto method [public org.springframework.http.ResponseEntity<springfox.documentation.spring.web.json.Json> springfox.documentation.swagger2.web.Swagger2Controller.getDocumentation(java.lang.String,javax.servlet.http.HttpServletRequest)]
2019-09-09 18:16:19,306 INFO org.springframework.scheduling.concurrent.ExecutorConfigurationSupport [restartedMain] Initializing ExecutorService 'applicationTaskExecutor'
2019-09-09 18:16:19,576 INFO springfox.documentation.spring.web.plugins.DocumentationPluginsBootstrapper [restartedMain] Context refreshed
2019-09-09 18:16:19,578 INFO springfox.documentation.spring.web.plugins.DocumentationPluginsBootstrapper [restartedMain] Found 1 custom documentation plugin(s)
2019-09-09 18:16:19,584 INFO springfox.documentation.spring.web.scanners.ApiListingReferenceScanner [restartedMain] Scanning for api listing references
2019-09-09 18:16:19,624 INFO org.apache.juli.logging.DirectJDKLog [restartedMain] Starting ProtocolHandler ["http-nio-8094"]
2019-09-09 18:16:19,627 INFO org.springframework.boot.web.embedded.tomcat.TomcatWebServer [restartedMain] Tomcat started on port(s): 8094 (http) with context path '/userregistryservice'
2019-09-09 18:16:19,739 INFO org.springframework.boot.web.embedded.tomcat.TomcatWebServer [restartedMain] Tomcat initialized with port(s): 8092 (http)
2019-09-09 18:16:19,741 INFO org.apache.juli.logging.DirectJDKLog [restartedMain] Initializing ProtocolHandler ["http-nio-8092"]
2019-09-09 18:16:19,742 INFO org.apache.juli.logging.DirectJDKLog [restartedMain] Starting service [Tomcat]
2019-09-09 18:16:19,742 INFO org.apache.juli.logging.DirectJDKLog [restartedMain] Starting Servlet engine: [Apache Tomcat/9.0.22]
2019-09-09 18:16:19,753 INFO org.apache.juli.logging.DirectJDKLog [restartedMain] Initializing Spring embedded WebApplicationContext
2019-09-09 18:16:19,753 INFO org.springframework.boot.web.servlet.context.ServletWebServerApplicationContext [restartedMain] Root WebApplicationContext: initialization completed in 104 ms
2019-09-09 18:16:19,767 INFO org.springframework.boot.actuate.endpoint.web.EndpointLinksResolver [restartedMain] Exposing 15 endpoint(s) beneath base path '/actuator'
2019-09-09 18:16:19,812 INFO org.apache.juli.logging.DirectJDKLog [restartedMain] Starting ProtocolHandler ["http-nio-8092"]
2019-09-09 18:16:19,817 INFO org.springframework.boot.web.embedded.tomcat.TomcatWebServer [restartedMain] Tomcat started on port(s): 8092 (http) with context path ''
2019-09-09 18:16:19,821 INFO org.springframework.boot.StartupInfoLogger [restartedMain] Started RegistryserviceApplication in 2.224 seconds (JVM running for 7919.784)
2019-09-09 18:16:19,828 INFO org.springframework.boot.devtools.autoconfigure.ConditionEvaluationDeltaLoggingListener [restartedMain] Condition evaluation unchanged
